{"action":"create","details":{"days":3,"endDate":"2025-11-12T00:00:00.000Z","startDate":"2025-11-10T00:00:00.000Z","type":"annual"},"level":"info","message":"Audit Event","resource":"leave","resourceId":"cmhm47cx100ah14p132crw3rg","service":"finbiz-audit","success":true,"timestamp":"2025-11-05T14:50:27.580Z","userId":"cmhm2jnip0000muv968vyj5sn"}
{"action":"create","details":{"duration":187,"method":"POST","statusCode":200,"url":"/api/hr/leave","userAgent":"curl/8.5.0"},"ipAddress":"::1","level":"info","message":"Audit Event","resource":"unknown","service":"finbiz-audit","success":true,"timestamp":"2025-11-05T14:50:27.593Z","userAgent":"curl/8.5.0","userId":"cmhm2jnip0000muv968vyj5sn"}
{"action":"create","details":{"duration":114,"method":"POST","statusCode":500,"url":"/api/inventory/products","userAgent":"curl/8.5.0"},"ipAddress":"::1","level":"info","message":"Audit Event","resource":"unknown","service":"finbiz-audit","success":false,"timestamp":"2025-11-05T14:50:36.545Z","userAgent":"curl/8.5.0","userId":"cmhm2jnip0000muv968vyj5sn"}
{"action":"create","companyId":"cmhm2k0js0002muv945hcsa3m","details":{"duration":164,"method":"POST","statusCode":500,"url":"/api/inventory/products","userAgent":"curl/8.5.0"},"ipAddress":"::1","level":"info","message":"Audit Event","resource":"unknown","service":"finbiz-audit","success":false,"timestamp":"2025-11-05T14:52:41.607Z","userAgent":"curl/8.5.0","userId":"cmhm2jnip0000muv968vyj5sn"}
{"action":"create","companyId":"cmhm2k0js0002muv945hcsa3m","details":{"duration":171,"method":"POST","statusCode":500,"url":"/api/inventory/products","userAgent":"curl/8.5.0"},"ipAddress":"::1","level":"info","message":"Audit Event","resource":"unknown","service":"finbiz-audit","success":false,"timestamp":"2025-11-05T14:53:54.102Z","userAgent":"curl/8.5.0","userId":"cmhm2jnip0000muv968vyj5sn"}
{"action":"create","details":{"category":"Electronics","name":"Laptop","sku":"LT001"},"level":"info","message":"Audit Event","resource":"product","resourceId":"cmhm4by6000ah11jogg0cqvul","service":"finbiz-audit","success":true,"timestamp":"2025-11-05T14:54:01.680Z","userId":"cmhm2jnip0000muv968vyj5sn"}
{"action":"create","companyId":"cmhm2k0js0002muv945hcsa3m","details":{"duration":257,"method":"POST","statusCode":200,"url":"/api/inventory/products","userAgent":"curl/8.5.0"},"ipAddress":"::1","level":"info","message":"Audit Event","resource":"unknown","service":"finbiz-audit","success":true,"timestamp":"2025-11-05T14:54:01.693Z","userAgent":"curl/8.5.0","userId":"cmhm2jnip0000muv968vyj5sn"}
{"action":"view","details":{"duration":2,"method":"GET","statusCode":404,"url":"/api/admin/audit-logs?companyId=cmhm2k0js0002muv945hcsa3m","userAgent":"curl/8.5.0"},"ipAddress":"::1","level":"info","message":"Audit Event","resource":"unknown","service":"finbiz-audit","success":false,"timestamp":"2025-11-05T14:57:45.903Z","userAgent":"curl/8.5.0","userId":"cmhm2jnip0000muv968vyj5sn"}
{"action":"view","details":{"duration":3,"method":"GET","statusCode":404,"url":"/api/admin/audit-logs?companyId=cmhm2k0js0002muv945hcsa3m","userAgent":"curl/8.5.0"},"ipAddress":"::1","level":"info","message":"Audit Event","resource":"unknown","service":"finbiz-audit","success":false,"timestamp":"2025-11-05T14:57:45.912Z","userAgent":"curl/8.5.0","userId":"cmhm2jnip0000muv968vyj5sn"}
{"action":"view","companyId":"cmhm2k0js0002muv945hcsa3m","details":{"duration":117,"method":"GET","statusCode":200,"url":"/api/admin/audit?companyId=cmhm2k0js0002muv945hcsa3m","userAgent":"curl/8.5.0"},"ipAddress":"::1","level":"info","message":"Audit Event","resource":"unknown","service":"finbiz-audit","success":true,"timestamp":"2025-11-05T14:57:57.438Z","userAgent":"curl/8.5.0","userId":"cmhm2jnip0000muv968vyj5sn"}
{"action":"create","details":{"name":"free","price":0},"level":"info","message":"Audit Event","resource":"plan","resourceId":"cmhm538of00ac3bning3r6g56","service":"finbiz-audit","success":true,"timestamp":"2025-11-05T15:15:15.049Z"}
{"action":"create","details":{"name":"free","price":0},"level":"info","message":"Audit Event","resource":"plan","resourceId":"cmhm538of00ac3bning3r6g56","service":"finbiz-audit","success":true,"timestamp":"2025-11-05T15:15:15.058Z"}
{"action":"create","details":{"name":"starter","price":299},"level":"info","message":"Audit Event","resource":"plan","resourceId":"cmhm538q700ae3bniboyvo86d","service":"finbiz-audit","success":true,"timestamp":"2025-11-05T15:15:15.065Z"}
{"action":"create","details":{"name":"starter","price":299},"level":"info","message":"Audit Event","resource":"plan","resourceId":"cmhm538q700ae3bniboyvo86d","service":"finbiz-audit","success":true,"timestamp":"2025-11-05T15:15:15.077Z"}
{"action":"create","details":{"name":"pro","price":999},"level":"info","message":"Audit Event","resource":"plan","resourceId":"cmhm538qj00ag3bni6bagw37w","service":"finbiz-audit","success":true,"timestamp":"2025-11-05T15:15:15.079Z"}
{"action":"create","details":{"name":"pro","price":999},"level":"info","message":"Audit Event","resource":"plan","resourceId":"cmhm538qj00ag3bni6bagw37w","service":"finbiz-audit","success":true,"timestamp":"2025-11-05T15:15:15.087Z"}
{"action":"create","details":{"name":"premium_ai","price":2499},"level":"info","message":"Audit Event","resource":"plan","resourceId":"cmhm538qx00ai3bnilwe5nips","service":"finbiz-audit","success":true,"timestamp":"2025-11-05T15:15:15.090Z"}
{"action":"create","details":{"name":"premium_ai","price":2499},"level":"info","message":"Audit Event","resource":"plan","resourceId":"cmhm538qx00ai3bnilwe5nips","service":"finbiz-audit","success":true,"timestamp":"2025-11-05T15:15:15.099Z"}
{"action":"create","details":{"name":"enterprise","price":0},"level":"info","message":"Audit Event","resource":"plan","resourceId":"cmhm538r800ak3bnis2mlndnj","service":"finbiz-audit","success":true,"timestamp":"2025-11-05T15:15:15.100Z"}
{"action":"create","details":{"name":"enterprise","price":0},"level":"info","message":"Audit Event","resource":"plan","resourceId":"cmhm538r800ak3bnis2mlndnj","service":"finbiz-audit","success":true,"timestamp":"2025-11-05T15:15:15.108Z"}
{"action":"create","details":{"name":"free","price":0},"level":"info","message":"Audit Event","resource":"plan","resourceId":"cmhm538of00ac3bning3r6g56","service":"finbiz-audit","success":true,"timestamp":"2025-11-05T15:17:25.263Z"}
{"action":"create","details":{"name":"free","price":0},"level":"info","message":"Audit Event","resource":"plan","resourceId":"cmhm538of00ac3bning3r6g56","service":"finbiz-audit","success":true,"timestamp":"2025-11-05T15:17:25.266Z"}
{"action":"create","details":{"name":"starter","price":299},"level":"info","message":"Audit Event","resource":"plan","resourceId":"cmhm538q700ae3bniboyvo86d","service":"finbiz-audit","success":true,"timestamp":"2025-11-05T15:17:25.277Z"}
{"action":"create","details":{"name":"starter","price":299},"level":"info","message":"Audit Event","resource":"plan","resourceId":"cmhm538q700ae3bniboyvo86d","service":"finbiz-audit","success":true,"timestamp":"2025-11-05T15:17:25.280Z"}
{"action":"create","details":{"name":"pro","price":999},"level":"info","message":"Audit Event","resource":"plan","resourceId":"cmhm538qj00ag3bni6bagw37w","service":"finbiz-audit","success":true,"timestamp":"2025-11-05T15:17:25.287Z"}
{"action":"create","details":{"name":"pro","price":999},"level":"info","message":"Audit Event","resource":"plan","resourceId":"cmhm538qj00ag3bni6bagw37w","service":"finbiz-audit","success":true,"timestamp":"2025-11-05T15:17:25.290Z"}
{"action":"create","details":{"name":"premium_ai","price":2499},"level":"info","message":"Audit Event","resource":"plan","resourceId":"cmhm538qx00ai3bnilwe5nips","service":"finbiz-audit","success":true,"timestamp":"2025-11-05T15:17:25.298Z"}
{"action":"create","details":{"name":"premium_ai","price":2499},"level":"info","message":"Audit Event","resource":"plan","resourceId":"cmhm538qx00ai3bnilwe5nips","service":"finbiz-audit","success":true,"timestamp":"2025-11-05T15:17:25.301Z"}
{"action":"create","details":{"name":"enterprise","price":0},"level":"info","message":"Audit Event","resource":"plan","resourceId":"cmhm538r800ak3bnis2mlndnj","service":"finbiz-audit","success":true,"timestamp":"2025-11-05T15:17:25.308Z"}
{"action":"create","details":{"name":"enterprise","price":0},"level":"info","message":"Audit Event","resource":"plan","resourceId":"cmhm538r800ak3bnis2mlndnj","service":"finbiz-audit","success":true,"timestamp":"2025-11-05T15:17:25.312Z"}
{"action":"create","details":{"name":"free","price":0},"level":"info","message":"Audit Event","resource":"plan","resourceId":"cmhm538of00ac3bning3r6g56","service":"finbiz-audit","success":true,"timestamp":"2025-11-05T15:18:56.818Z"}
{"action":"create","details":{"name":"free","price":0},"level":"info","message":"Audit Event","resource":"plan","resourceId":"cmhm538of00ac3bning3r6g56","service":"finbiz-audit","success":true,"timestamp":"2025-11-05T15:18:56.831Z"}
{"action":"create","details":{"name":"starter","price":299},"level":"info","message":"Audit Event","resource":"plan","resourceId":"cmhm538q700ae3bniboyvo86d","service":"finbiz-audit","success":true,"timestamp":"2025-11-05T15:18:56.835Z"}
{"action":"create","details":{"name":"pro","price":999},"level":"info","message":"Audit Event","resource":"plan","resourceId":"cmhm538qj00ag3bni6bagw37w","service":"finbiz-audit","success":true,"timestamp":"2025-11-05T15:18:56.844Z"}
{"action":"create","details":{"name":"starter","price":299},"level":"info","message":"Audit Event","resource":"plan","resourceId":"cmhm538q700ae3bniboyvo86d","service":"finbiz-audit","success":true,"timestamp":"2025-11-05T15:18:56.846Z"}
{"action":"create","details":{"name":"premium_ai","price":2499},"level":"info","message":"Audit Event","resource":"plan","resourceId":"cmhm538qx00ai3bnilwe5nips","service":"finbiz-audit","success":true,"timestamp":"2025-11-05T15:18:56.856Z"}
{"action":"create","details":{"name":"pro","price":999},"level":"info","message":"Audit Event","resource":"plan","resourceId":"cmhm538qj00ag3bni6bagw37w","service":"finbiz-audit","success":true,"timestamp":"2025-11-05T15:18:56.858Z"}
{"action":"create","details":{"name":"enterprise","price":0},"level":"info","message":"Audit Event","resource":"plan","resourceId":"cmhm538r800ak3bnis2mlndnj","service":"finbiz-audit","success":true,"timestamp":"2025-11-05T15:18:56.867Z"}
{"action":"create","details":{"name":"premium_ai","price":2499},"level":"info","message":"Audit Event","resource":"plan","resourceId":"cmhm538qx00ai3bnilwe5nips","service":"finbiz-audit","success":true,"timestamp":"2025-11-05T15:18:56.870Z"}
{"action":"create","details":{"name":"enterprise","price":0},"level":"info","message":"Audit Event","resource":"plan","resourceId":"cmhm538r800ak3bnis2mlndnj","service":"finbiz-audit","success":true,"timestamp":"2025-11-05T15:18:56.880Z"}
{"action":"create","details":{"name":"free","price":0},"level":"info","message":"Audit Event","resource":"plan","resourceId":"cmhm538of00ac3bning3r6g56","service":"finbiz-audit","success":true,"timestamp":"2025-11-05T15:19:06.919Z"}
{"action":"create","details":{"name":"starter","price":299},"level":"info","message":"Audit Event","resource":"plan","resourceId":"cmhm538q700ae3bniboyvo86d","service":"finbiz-audit","success":true,"timestamp":"2025-11-05T15:19:06.939Z"}
{"action":"create","details":{"name":"free","price":0},"level":"info","message":"Audit Event","resource":"plan","resourceId":"cmhm538of00ac3bning3r6g56","service":"finbiz-audit","success":true,"timestamp":"2025-11-05T15:19:06.942Z"}
{"action":"create","details":{"name":"pro","price":999},"level":"info","message":"Audit Event","resource":"plan","resourceId":"cmhm538qj00ag3bni6bagw37w","service":"finbiz-audit","success":true,"timestamp":"2025-11-05T15:19:06.951Z"}
{"action":"create","details":{"name":"starter","price":299},"level":"info","message":"Audit Event","resource":"plan","resourceId":"cmhm538q700ae3bniboyvo86d","service":"finbiz-audit","success":true,"timestamp":"2025-11-05T15:19:06.961Z"}
{"action":"create","details":{"name":"premium_ai","price":2499},"level":"info","message":"Audit Event","resource":"plan","resourceId":"cmhm538qx00ai3bnilwe5nips","service":"finbiz-audit","success":true,"timestamp":"2025-11-05T15:19:06.964Z"}
{"action":"create","details":{"name":"pro","price":999},"level":"info","message":"Audit Event","resource":"plan","resourceId":"cmhm538qj00ag3bni6bagw37w","service":"finbiz-audit","success":true,"timestamp":"2025-11-05T15:19:06.973Z"}
{"action":"create","details":{"name":"enterprise","price":0},"level":"info","message":"Audit Event","resource":"plan","resourceId":"cmhm538r800ak3bnis2mlndnj","service":"finbiz-audit","success":true,"timestamp":"2025-11-05T15:19:06.979Z"}
{"action":"create","details":{"name":"premium_ai","price":2499},"level":"info","message":"Audit Event","resource":"plan","resourceId":"cmhm538qx00ai3bnilwe5nips","service":"finbiz-audit","success":true,"timestamp":"2025-11-05T15:19:06.988Z"}
{"action":"create","details":{"name":"enterprise","price":0},"level":"info","message":"Audit Event","resource":"plan","resourceId":"cmhm538r800ak3bnis2mlndnj","service":"finbiz-audit","success":true,"timestamp":"2025-11-05T15:19:06.999Z"}
{"action":"create","details":{"name":"free","price":0},"level":"info","message":"Audit Event","resource":"plan","resourceId":"cmhm538of00ac3bning3r6g56","service":"finbiz-audit","success":true,"timestamp":"2025-11-05T15:19:21.590Z"}
{"action":"create","details":{"name":"starter","price":299},"level":"info","message":"Audit Event","resource":"plan","resourceId":"cmhm538q700ae3bniboyvo86d","service":"finbiz-audit","success":true,"timestamp":"2025-11-05T15:19:21.606Z"}
{"action":"create","details":{"name":"free","price":0},"level":"info","message":"Audit Event","resource":"plan","resourceId":"cmhm538of00ac3bning3r6g56","service":"finbiz-audit","success":true,"timestamp":"2025-11-05T15:19:21.604Z"}
{"action":"create","details":{"name":"pro","price":999},"level":"info","message":"Audit Event","resource":"plan","resourceId":"cmhm538qj00ag3bni6bagw37w","service":"finbiz-audit","success":true,"timestamp":"2025-11-05T15:19:21.618Z"}
{"action":"create","details":{"name":"starter","price":299},"level":"info","message":"Audit Event","resource":"plan","resourceId":"cmhm538q700ae3bniboyvo86d","service":"finbiz-audit","success":true,"timestamp":"2025-11-05T15:19:21.620Z"}
{"action":"create","details":{"name":"premium_ai","price":2499},"level":"info","message":"Audit Event","resource":"plan","resourceId":"cmhm538qx00ai3bnilwe5nips","service":"finbiz-audit","success":true,"timestamp":"2025-11-05T15:19:21.629Z"}
{"action":"create","details":{"name":"pro","price":999},"level":"info","message":"Audit Event","resource":"plan","resourceId":"cmhm538qj00ag3bni6bagw37w","service":"finbiz-audit","success":true,"timestamp":"2025-11-05T15:19:21.632Z"}
{"action":"create","details":{"name":"enterprise","price":0},"level":"info","message":"Audit Event","resource":"plan","resourceId":"cmhm538r800ak3bnis2mlndnj","service":"finbiz-audit","success":true,"timestamp":"2025-11-05T15:19:21.641Z"}
{"action":"create","details":{"name":"premium_ai","price":2499},"level":"info","message":"Audit Event","resource":"plan","resourceId":"cmhm538qx00ai3bnilwe5nips","service":"finbiz-audit","success":true,"timestamp":"2025-11-05T15:19:21.644Z"}
{"action":"create","details":{"name":"enterprise","price":0},"level":"info","message":"Audit Event","resource":"plan","resourceId":"cmhm538r800ak3bnis2mlndnj","service":"finbiz-audit","success":true,"timestamp":"2025-11-05T15:19:21.657Z"}
{"action":"create","details":{"name":"free","price":0},"level":"info","message":"Audit Event","resource":"plan","resourceId":"cmhm538of00ac3bning3r6g56","service":"finbiz-audit","success":true,"timestamp":"2025-11-05T15:20:01.510Z"}
{"action":"create","details":{"name":"free","price":0},"level":"info","message":"Audit Event","resource":"plan","resourceId":"cmhm538of00ac3bning3r6g56","service":"finbiz-audit","success":true,"timestamp":"2025-11-05T15:20:01.515Z"}
{"action":"create","details":{"name":"starter","price":299},"level":"info","message":"Audit Event","resource":"plan","resourceId":"cmhm538q700ae3bniboyvo86d","service":"finbiz-audit","success":true,"timestamp":"2025-11-05T15:20:01.525Z"}
{"action":"create","details":{"name":"starter","price":299},"level":"info","message":"Audit Event","resource":"plan","resourceId":"cmhm538q700ae3bniboyvo86d","service":"finbiz-audit","success":true,"timestamp":"2025-11-05T15:20:01.531Z"}
{"action":"create","details":{"name":"pro","price":999},"level":"info","message":"Audit Event","resource":"plan","resourceId":"cmhm538qj00ag3bni6bagw37w","service":"finbiz-audit","success":true,"timestamp":"2025-11-05T15:20:01.537Z"}
{"action":"create","details":{"name":"pro","price":999},"level":"info","message":"Audit Event","resource":"plan","resourceId":"cmhm538qj00ag3bni6bagw37w","service":"finbiz-audit","success":true,"timestamp":"2025-11-05T15:20:01.545Z"}
{"action":"create","details":{"name":"premium_ai","price":2499},"level":"info","message":"Audit Event","resource":"plan","resourceId":"cmhm538qx00ai3bnilwe5nips","service":"finbiz-audit","success":true,"timestamp":"2025-11-05T15:20:01.548Z"}
{"action":"create","details":{"name":"premium_ai","price":2499},"level":"info","message":"Audit Event","resource":"plan","resourceId":"cmhm538qx00ai3bnilwe5nips","service":"finbiz-audit","success":true,"timestamp":"2025-11-05T15:20:01.557Z"}
{"action":"create","details":{"name":"enterprise","price":0},"level":"info","message":"Audit Event","resource":"plan","resourceId":"cmhm538r800ak3bnis2mlndnj","service":"finbiz-audit","success":true,"timestamp":"2025-11-05T15:20:01.560Z"}
{"action":"create","details":{"name":"enterprise","price":0},"level":"info","message":"Audit Event","resource":"plan","resourceId":"cmhm538r800ak3bnis2mlndnj","service":"finbiz-audit","success":true,"timestamp":"2025-11-05T15:20:01.568Z"}
{"action":"create","details":{"name":"free","price":0},"level":"info","message":"Audit Event","resource":"plan","resourceId":"cmhm538of00ac3bning3r6g56","service":"finbiz-audit","success":true,"timestamp":"2025-11-05T15:22:15.670Z"}
{"action":"create","details":{"name":"starter","price":299},"level":"info","message":"Audit Event","resource":"plan","resourceId":"cmhm538q700ae3bniboyvo86d","service":"finbiz-audit","success":true,"timestamp":"2025-11-05T15:22:15.685Z"}
{"action":"create","details":{"name":"free","price":0},"level":"info","message":"Audit Event","resource":"plan","resourceId":"cmhm538of00ac3bning3r6g56","service":"finbiz-audit","success":true,"timestamp":"2025-11-05T15:22:15.684Z"}
{"action":"create","details":{"name":"pro","price":999},"level":"info","message":"Audit Event","resource":"plan","resourceId":"cmhm538qj00ag3bni6bagw37w","service":"finbiz-audit","success":true,"timestamp":"2025-11-05T15:22:15.697Z"}
{"action":"create","details":{"name":"starter","price":299},"level":"info","message":"Audit Event","resource":"plan","resourceId":"cmhm538q700ae3bniboyvo86d","service":"finbiz-audit","success":true,"timestamp":"2025-11-05T15:22:15.697Z"}
{"action":"create","details":{"name":"premium_ai","price":2499},"level":"info","message":"Audit Event","resource":"plan","resourceId":"cmhm538qx00ai3bnilwe5nips","service":"finbiz-audit","success":true,"timestamp":"2025-11-05T15:22:15.707Z"}
{"action":"create","details":{"name":"pro","price":999},"level":"info","message":"Audit Event","resource":"plan","resourceId":"cmhm538qj00ag3bni6bagw37w","service":"finbiz-audit","success":true,"timestamp":"2025-11-05T15:22:15.709Z"}
{"action":"create","details":{"name":"enterprise","price":0},"level":"info","message":"Audit Event","resource":"plan","resourceId":"cmhm538r800ak3bnis2mlndnj","service":"finbiz-audit","success":true,"timestamp":"2025-11-05T15:22:15.717Z"}
{"action":"create","details":{"name":"premium_ai","price":2499},"level":"info","message":"Audit Event","resource":"plan","resourceId":"cmhm538qx00ai3bnilwe5nips","service":"finbiz-audit","success":true,"timestamp":"2025-11-05T15:22:15.719Z"}
{"action":"create","details":{"name":"enterprise","price":0},"level":"info","message":"Audit Event","resource":"plan","resourceId":"cmhm538r800ak3bnis2mlndnj","service":"finbiz-audit","success":true,"timestamp":"2025-11-05T15:22:15.730Z"}
{"action":"create","details":{"name":"free","price":0},"level":"info","message":"Audit Event","resource":"plan","resourceId":"cmhm538of00ac3bning3r6g56","service":"finbiz-audit","success":true,"timestamp":"2025-11-05T15:22:42.307Z"}
{"action":"create","details":{"name":"free","price":0},"level":"info","message":"Audit Event","resource":"plan","resourceId":"cmhm538of00ac3bning3r6g56","service":"finbiz-audit","success":true,"timestamp":"2025-11-05T15:22:42.319Z"}
{"action":"create","details":{"name":"starter","price":299},"level":"info","message":"Audit Event","resource":"plan","resourceId":"cmhm538q700ae3bniboyvo86d","service":"finbiz-audit","success":true,"timestamp":"2025-11-05T15:22:42.325Z"}
{"action":"create","details":{"name":"starter","price":299},"level":"info","message":"Audit Event","resource":"plan","resourceId":"cmhm538q700ae3bniboyvo86d","service":"finbiz-audit","success":true,"timestamp":"2025-11-05T15:22:42.334Z"}
{"action":"create","details":{"name":"pro","price":999},"level":"info","message":"Audit Event","resource":"plan","resourceId":"cmhm538qj00ag3bni6bagw37w","service":"finbiz-audit","success":true,"timestamp":"2025-11-05T15:22:42.337Z"}
{"action":"create","details":{"name":"pro","price":999},"level":"info","message":"Audit Event","resource":"plan","resourceId":"cmhm538qj00ag3bni6bagw37w","service":"finbiz-audit","success":true,"timestamp":"2025-11-05T15:22:42.345Z"}
{"action":"create","details":{"name":"premium_ai","price":2499},"level":"info","message":"Audit Event","resource":"plan","resourceId":"cmhm538qx00ai3bnilwe5nips","service":"finbiz-audit","success":true,"timestamp":"2025-11-05T15:22:42.348Z"}
{"action":"create","details":{"name":"premium_ai","price":2499},"level":"info","message":"Audit Event","resource":"plan","resourceId":"cmhm538qx00ai3bnilwe5nips","service":"finbiz-audit","success":true,"timestamp":"2025-11-05T15:22:42.356Z"}
{"action":"create","details":{"name":"enterprise","price":0},"level":"info","message":"Audit Event","resource":"plan","resourceId":"cmhm538r800ak3bnis2mlndnj","service":"finbiz-audit","success":true,"timestamp":"2025-11-05T15:22:42.360Z"}
{"action":"create","details":{"name":"enterprise","price":0},"level":"info","message":"Audit Event","resource":"plan","resourceId":"cmhm538r800ak3bnis2mlndnj","service":"finbiz-audit","success":true,"timestamp":"2025-11-05T15:22:42.366Z"}
{"action":"create","details":{"name":"free","price":0},"level":"info","message":"Audit Event","resource":"plan","resourceId":"cmhm538of00ac3bning3r6g56","service":"finbiz-audit","success":true,"timestamp":"2025-11-05T15:29:05.948Z"}
{"action":"create","details":{"name":"starter","price":299},"level":"info","message":"Audit Event","resource":"plan","resourceId":"cmhm538q700ae3bniboyvo86d","service":"finbiz-audit","success":true,"timestamp":"2025-11-05T15:29:05.963Z"}
{"action":"create","details":{"name":"pro","price":999},"level":"info","message":"Audit Event","resource":"plan","resourceId":"cmhm538qj00ag3bni6bagw37w","service":"finbiz-audit","success":true,"timestamp":"2025-11-05T15:29:05.973Z"}
{"action":"create","details":{"name":"premium_ai","price":2499},"level":"info","message":"Audit Event","resource":"plan","resourceId":"cmhm538qx00ai3bnilwe5nips","service":"finbiz-audit","success":true,"timestamp":"2025-11-05T15:29:05.984Z"}
{"action":"create","details":{"name":"enterprise","price":0},"level":"info","message":"Audit Event","resource":"plan","resourceId":"cmhm538r800ak3bnis2mlndnj","service":"finbiz-audit","success":true,"timestamp":"2025-11-05T15:29:05.994Z"}
{"action":"create","details":{"name":"free","price":0},"level":"info","message":"Audit Event","resource":"plan","resourceId":"cmhm538of00ac3bning3r6g56","service":"finbiz-audit","success":true,"timestamp":"2025-11-05T15:30:30.915Z"}
{"action":"create","details":{"name":"starter","price":299},"level":"info","message":"Audit Event","resource":"plan","resourceId":"cmhm538q700ae3bniboyvo86d","service":"finbiz-audit","success":true,"timestamp":"2025-11-05T15:30:30.926Z"}
{"action":"create","details":{"name":"pro","price":999},"level":"info","message":"Audit Event","resource":"plan","resourceId":"cmhm538qj00ag3bni6bagw37w","service":"finbiz-audit","success":true,"timestamp":"2025-11-05T15:30:30.938Z"}
{"action":"create","details":{"name":"premium_ai","price":2499},"level":"info","message":"Audit Event","resource":"plan","resourceId":"cmhm538qx00ai3bnilwe5nips","service":"finbiz-audit","success":true,"timestamp":"2025-11-05T15:30:30.946Z"}
{"action":"create","details":{"name":"enterprise","price":0},"level":"info","message":"Audit Event","resource":"plan","resourceId":"cmhm538r800ak3bnis2mlndnj","service":"finbiz-audit","success":true,"timestamp":"2025-11-05T15:30:30.960Z"}
